<?xml version='1.0' encoding='UTF-8'?>
<testsuite hostname="MacBook-Pro-de-Hector.local" name="com.dataweaver.core.config.ConnectionsLoaderTest" tests="4" errors="0" failures="0" skipped="0" time="0.216" timestamp="2026-04-05T20:16:55">
          <properties>
[...]
</properties>
          <testcase classname="com.dataweaver.core.config.ConnectionsLoaderTest" name="ConnectionsLoader should load connections from YAML" time="0.213">
                      
                    </testcase><testcase classname="com.dataweaver.core.config.ConnectionsLoaderTest" name="ConnectionsLoader should return empty map for non-existent file" time="0.001">
                      
                    </testcase><testcase classname="com.dataweaver.core.config.ConnectionsLoaderTest" name="ConnectionsLoader should resolve connection config by name" time="0.001">
                      
                    </testcase><testcase classname="com.dataweaver.core.config.ConnectionsLoaderTest" name="ConnectionsLoader should throw for unknown connection name" time="0.001">
                      
                    </testcase>
          <system-out><![CDATA[]]></system-out>
          <system-err><![CDATA[]]></system-err>
        </testsuite>